{"/home/red_iron/CodeBase/g2bmaster-ai/src/app.ts": {"path":"/home/red_iron/CodeBase/g2bmaster-ai/src/app.ts","all":false,"statementMap":{"7":{"start":{"line":8,"column":0},"end":{"line":8,"column":56}},"9":{"start":{"line":10,"column":0},"end":{"line":10,"column":68}},"10":{"start":{"line":11,"column":0},"end":{"line":11,"column":84}},"11":{"start":{"line":12,"column":0},"end":{"line":12,"column":54}},"12":{"start":{"line":13,"column":0},"end":{"line":13,"column":63}},"13":{"start":{"line":14,"column":0},"end":{"line":14,"column":55}},"14":{"start":{"line":15,"column":0},"end":{"line":15,"column":56}},"22":{"start":{"line":23,"column":0},"end":{"line":23,"column":42}},"31":{"start":{"line":32,"column":0},"end":{"line":32,"column":88}},"32":{"start":{"line":33,"column":0},"end":{"line":33,"column":50}},"33":{"start":{"line":34,"column":0},"end":{"line":34,"column":60}},"34":{"start":{"line":35,"column":0},"end":{"line":35,"column":72}},"36":{"start":{"line":37,"column":0},"end":{"line":37,"column":23}},"37":{"start":{"line":38,"column":0},"end":{"line":38,"column":39}},"38":{"start":{"line":39,"column":0},"end":{"line":39,"column":32}},"41":{"start":{"line":42,"column":0},"end":{"line":42,"column":24}},"42":{"start":{"line":43,"column":0},"end":{"line":43,"column":49}},"43":{"start":{"line":44,"column":0},"end":{"line":44,"column":103}},"44":{"start":{"line":45,"column":0},"end":{"line":45,"column":6}},"45":{"start":{"line":46,"column":0},"end":{"line":46,"column":5}},"53":{"start":{"line":54,"column":0},"end":{"line":54,"column":53}},"54":{"start":{"line":55,"column":0},"end":{"line":55,"column":44}},"56":{"start":{"line":57,"column":0},"end":{"line":57,"column":89}},"57":{"start":{"line":58,"column":0},"end":{"line":58,"column":56}},"59":{"start":{"line":60,"column":0},"end":{"line":60,"column":39}},"60":{"start":{"line":61,"column":0},"end":{"line":61,"column":96}},"61":{"start":{"line":62,"column":0},"end":{"line":62,"column":12}},"63":{"start":{"line":64,"column":0},"end":{"line":64,"column":62}},"64":{"start":{"line":65,"column":0},"end":{"line":65,"column":5}},"65":{"start":{"line":66,"column":0},"end":{"line":66,"column":41}},"66":{"start":{"line":67,"column":0},"end":{"line":67,"column":5}},"72":{"start":{"line":73,"column":0},"end":{"line":73,"column":42}},"73":{"start":{"line":74,"column":0},"end":{"line":74,"column":44}},"74":{"start":{"line":75,"column":0},"end":{"line":75,"column":83}},"75":{"start":{"line":76,"column":0},"end":{"line":76,"column":33}},"76":{"start":{"line":77,"column":0},"end":{"line":77,"column":26}},"77":{"start":{"line":78,"column":0},"end":{"line":78,"column":42}},"78":{"start":{"line":79,"column":0},"end":{"line":79,"column":23}},"79":{"start":{"line":80,"column":0},"end":{"line":80,"column":16}},"80":{"start":{"line":81,"column":0},"end":{"line":81,"column":7}},"81":{"start":{"line":82,"column":0},"end":{"line":82,"column":5}},"83":{"start":{"line":84,"column":0},"end":{"line":84,"column":52}},"84":{"start":{"line":85,"column":0},"end":{"line":85,"column":13}},"85":{"start":{"line":86,"column":0},"end":{"line":86,"column":1}},"103":{"start":{"line":104,"column":0},"end":{"line":104,"column":58}},"104":{"start":{"line":105,"column":0},"end":{"line":105,"column":60}},"105":{"start":{"line":106,"column":0},"end":{"line":106,"column":74}},"107":{"start":{"line":108,"column":0},"end":{"line":108,"column":54}},"108":{"start":{"line":109,"column":0},"end":{"line":109,"column":111}},"109":{"start":{"line":110,"column":0},"end":{"line":110,"column":1}}},"s":{"7":1,"9":1,"10":1,"11":1,"12":1,"13":1,"14":1,"22":1,"31":2,"32":2,"33":2,"34":2,"36":2,"37":2,"38":2,"41":2,"42":21,"43":21,"44":21,"45":2,"53":2,"54":2,"56":2,"57":2,"59":2,"60":2,"61":2,"63":0,"64":0,"65":2,"66":2,"72":2,"73":2,"74":2,"75":2,"76":2,"77":2,"78":2,"79":2,"80":2,"81":2,"83":2,"84":2,"85":2,"103":2,"104":2,"105":2,"107":2,"108":2,"109":2},"branchMap":{"0":{"type":"branch","line":32,"loc":{"start":{"line":32,"column":0},"end":{"line":86,"column":1}},"locations":[{"start":{"line":32,"column":0},"end":{"line":86,"column":1}}]},"1":{"type":"branch","line":33,"loc":{"start":{"line":33,"column":27},"end":{"line":33,"column":50}},"locations":[{"start":{"line":33,"column":27},"end":{"line":33,"column":50}}]},"2":{"type":"branch","line":34,"loc":{"start":{"line":34,"column":28},"end":{"line":34,"column":60}},"locations":[{"start":{"line":34,"column":28},"end":{"line":34,"column":60}}]},"3":{"type":"branch","line":42,"loc":{"start":{"line":42,"column":14},"end":{"line":45,"column":6}},"locations":[{"start":{"line":42,"column":14},"end":{"line":45,"column":6}}]},"4":{"type":"branch","line":44,"loc":{"start":{"line":44,"column":31},"end":{"line":44,"column":63}},"locations":[{"start":{"line":44,"column":31},"end":{"line":44,"column":63}}]},"5":{"type":"branch","line":44,"loc":{"start":{"line":44,"column":59},"end":{"line":44,"column":72}},"locations":[{"start":{"line":44,"column":59},"end":{"line":44,"column":72}}]},"6":{"type":"branch","line":44,"loc":{"start":{"line":44,"column":63},"end":{"line":44,"column":103}},"locations":[{"start":{"line":44,"column":63},"end":{"line":44,"column":103}}]},"7":{"type":"branch","line":54,"loc":{"start":{"line":54,"column":22},"end":{"line":67,"column":3}},"locations":[{"start":{"line":54,"column":22},"end":{"line":67,"column":3}}]},"8":{"type":"branch","line":57,"loc":{"start":{"line":57,"column":81},"end":{"line":57,"column":89}},"locations":[{"start":{"line":57,"column":81},"end":{"line":57,"column":89}}]},"9":{"type":"branch","line":62,"loc":{"start":{"line":62,"column":4},"end":{"line":65,"column":5}},"locations":[{"start":{"line":62,"column":4},"end":{"line":65,"column":5}}]},"10":{"type":"branch","line":73,"loc":{"start":{"line":73,"column":25},"end":{"line":82,"column":3}},"locations":[{"start":{"line":73,"column":25},"end":{"line":82,"column":3}}]},"11":{"type":"branch","line":104,"loc":{"start":{"line":104,"column":0},"end":{"line":110,"column":1}},"locations":[{"start":{"line":104,"column":0},"end":{"line":110,"column":1}}]},"12":{"type":"branch","line":105,"loc":{"start":{"line":105,"column":47},"end":{"line":105,"column":60}},"locations":[{"start":{"line":105,"column":47},"end":{"line":105,"column":60}}]},"13":{"type":"branch","line":108,"loc":{"start":{"line":108,"column":42},"end":{"line":108,"column":54}},"locations":[{"start":{"line":108,"column":42},"end":{"line":108,"column":54}}]}},"b":{"0":[2],"1":[0],"2":[1],"3":[21],"4":[3],"5":[3],"6":[18],"7":[2],"8":[0],"9":[0],"10":[2],"11":[2],"12":[0],"13":[0]},"fnMap":{"0":{"name":"buildApp","decl":{"start":{"line":32,"column":0},"end":{"line":86,"column":1}},"loc":{"start":{"line":32,"column":0},"end":{"line":86,"column":1}},"line":32},"1":{"name":"genReqId","decl":{"start":{"line":42,"column":14},"end":{"line":45,"column":6}},"loc":{"start":{"line":42,"column":14},"end":{"line":45,"column":6}},"line":42},"2":{"name":"isCallerError","decl":{"start":{"line":104,"column":0},"end":{"line":110,"column":1}},"loc":{"start":{"line":104,"column":0},"end":{"line":110,"column":1}},"line":104}},"f":{"0":2,"1":21,"2":2}}
,"/home/red_iron/CodeBase/g2bmaster-ai/src/config.ts": {"path":"/home/red_iron/CodeBase/g2bmaster-ai/src/config.ts","all":false,"statementMap":{"7":{"start":{"line":8,"column":0},"end":{"line":8,"column":40}},"8":{"start":{"line":9,"column":0},"end":{"line":9,"column":41}},"9":{"start":{"line":10,"column":0},"end":{"line":10,"column":1}},"27":{"start":{"line":28,"column":0},"end":{"line":28,"column":91}},"32":{"start":{"line":33,"column":0},"end":{"line":33,"column":92}},"33":{"start":{"line":34,"column":0},"end":{"line":34,"column":23}},"34":{"start":{"line":35,"column":0},"end":{"line":35,"column":55}},"35":{"start":{"line":36,"column":0},"end":{"line":36,"column":24}},"36":{"start":{"line":37,"column":0},"end":{"line":37,"column":51}},"37":{"start":{"line":38,"column":0},"end":{"line":38,"column":95}},"38":{"start":{"line":39,"column":0},"end":{"line":39,"column":3}},"39":{"start":{"line":40,"column":0},"end":{"line":40,"column":11}},"40":{"start":{"line":41,"column":0},"end":{"line":41,"column":1}},"42":{"start":{"line":43,"column":0},"end":{"line":43,"column":66}},"43":{"start":{"line":44,"column":0},"end":{"line":44,"column":23}},"44":{"start":{"line":45,"column":0},"end":{"line":45,"column":58}},"45":{"start":{"line":46,"column":0},"end":{"line":46,"column":1}},"47":{"start":{"line":48,"column":0},"end":{"line":48,"column":75}},"48":{"start":{"line":49,"column":0},"end":{"line":49,"column":23}},"49":{"start":{"line":50,"column":0},"end":{"line":50,"column":55}},"50":{"start":{"line":51,"column":0},"end":{"line":51,"column":50}},"51":{"start":{"line":52,"column":0},"end":{"line":52,"column":28}},"52":{"start":{"line":53,"column":0},"end":{"line":53,"column":102}},"53":{"start":{"line":54,"column":0},"end":{"line":54,"column":3}},"54":{"start":{"line":55,"column":0},"end":{"line":55,"column":15}},"55":{"start":{"line":56,"column":0},"end":{"line":56,"column":1}},"57":{"start":{"line":58,"column":0},"end":{"line":58,"column":60}},"58":{"start":{"line":59,"column":0},"end":{"line":59,"column":10}},"59":{"start":{"line":60,"column":0},"end":{"line":60,"column":48}},"60":{"start":{"line":61,"column":0},"end":{"line":61,"column":41}},"61":{"start":{"line":62,"column":0},"end":{"line":62,"column":52}},"62":{"start":{"line":63,"column":0},"end":{"line":63,"column":10}},"63":{"start":{"line":64,"column":0},"end":{"line":64,"column":67}},"64":{"start":{"line":65,"column":0},"end":{"line":65,"column":79}},"65":{"start":{"line":66,"column":0},"end":{"line":66,"column":6}},"66":{"start":{"line":67,"column":0},"end":{"line":67,"column":88}},"67":{"start":{"line":68,"column":0},"end":{"line":68,"column":4}},"68":{"start":{"line":69,"column":0},"end":{"line":69,"column":1}}},"s":{"7":1,"8":1,"9":1,"27":1,"32":37,"33":37,"34":37,"35":13,"36":37,"37":9,"38":9,"39":4,"40":4,"42":10,"43":10,"44":10,"45":10,"47":10,"48":10,"49":10,"50":4,"51":10,"52":1,"53":1,"54":3,"55":3,"57":1,"58":15,"59":15,"60":15,"61":15,"62":15,"63":15,"64":15,"65":15,"66":15,"67":15,"68":15},"branchMap":{"0":{"type":"branch","line":9,"loc":{"start":{"line":9,"column":20},"end":{"line":9,"column":41}},"locations":[{"start":{"line":9,"column":20},"end":{"line":9,"column":41}}]},"1":{"type":"branch","line":33,"loc":{"start":{"line":33,"column":0},"end":{"line":41,"column":1}},"locations":[{"start":{"line":33,"column":0},"end":{"line":41,"column":1}}]},"2":{"type":"branch","line":35,"loc":{"start":{"line":35,"column":14},"end":{"line":35,"column":39}},"locations":[{"start":{"line":35,"column":14},"end":{"line":35,"column":39}}]},"3":{"type":"branch","line":35,"loc":{"start":{"line":35,"column":39},"end":{"line":35,"column":55}},"locations":[{"start":{"line":35,"column":39},"end":{"line":35,"column":55}}]},"4":{"type":"branch","line":35,"loc":{"start":{"line":35,"column":46},"end":{"line":37,"column":30}},"locations":[{"start":{"line":35,"column":46},"end":{"line":37,"column":30}}]},"5":{"type":"branch","line":37,"loc":{"start":{"line":37,"column":25},"end":{"line":37,"column":41}},"locations":[{"start":{"line":37,"column":25},"end":{"line":37,"column":41}}]},"6":{"type":"branch","line":37,"loc":{"start":{"line":37,"column":34},"end":{"line":37,"column":50}},"locations":[{"start":{"line":37,"column":34},"end":{"line":37,"column":50}}]},"7":{"type":"branch","line":37,"loc":{"start":{"line":37,"column":50},"end":{"line":39,"column":3}},"locations":[{"start":{"line":37,"column":50},"end":{"line":39,"column":3}}]},"8":{"type":"branch","line":39,"loc":{"start":{"line":39,"column":2},"end":{"line":41,"column":1}},"locations":[{"start":{"line":39,"column":2},"end":{"line":41,"column":1}}]},"9":{"type":"branch","line":43,"loc":{"start":{"line":43,"column":0},"end":{"line":46,"column":1}},"locations":[{"start":{"line":43,"column":0},"end":{"line":46,"column":1}}]},"10":{"type":"branch","line":45,"loc":{"start":{"line":45,"column":17},"end":{"line":45,"column":43}},"locations":[{"start":{"line":45,"column":17},"end":{"line":45,"column":43}}]},"11":{"type":"branch","line":45,"loc":{"start":{"line":45,"column":38},"end":{"line":45,"column":54}},"locations":[{"start":{"line":45,"column":38},"end":{"line":45,"column":54}}]},"12":{"type":"branch","line":45,"loc":{"start":{"line":45,"column":43},"end":{"line":45,"column":58}},"locations":[{"start":{"line":45,"column":43},"end":{"line":45,"column":58}}]},"13":{"type":"branch","line":48,"loc":{"start":{"line":48,"column":0},"end":{"line":56,"column":1}},"locations":[{"start":{"line":48,"column":0},"end":{"line":56,"column":1}}]},"14":{"type":"branch","line":50,"loc":{"start":{"line":50,"column":14},"end":{"line":50,"column":39}},"locations":[{"start":{"line":50,"column":14},"end":{"line":50,"column":39}}]},"15":{"type":"branch","line":50,"loc":{"start":{"line":50,"column":39},"end":{"line":50,"column":55}},"locations":[{"start":{"line":50,"column":39},"end":{"line":50,"column":55}}]},"16":{"type":"branch","line":50,"loc":{"start":{"line":50,"column":46},"end":{"line":52,"column":27}},"locations":[{"start":{"line":50,"column":46},"end":{"line":52,"column":27}}]},"17":{"type":"branch","line":52,"loc":{"start":{"line":52,"column":27},"end":{"line":54,"column":3}},"locations":[{"start":{"line":52,"column":27},"end":{"line":54,"column":3}}]},"18":{"type":"branch","line":54,"loc":{"start":{"line":54,"column":2},"end":{"line":56,"column":1}},"locations":[{"start":{"line":54,"column":2},"end":{"line":56,"column":1}}]},"19":{"type":"branch","line":51,"loc":{"start":{"line":51,"column":32},"end":{"line":51,"column":48}},"locations":[{"start":{"line":51,"column":32},"end":{"line":51,"column":48}}]},"20":{"type":"branch","line":58,"loc":{"start":{"line":58,"column":7},"end":{"line":69,"column":1}},"locations":[{"start":{"line":58,"column":7},"end":{"line":69,"column":1}}]}},"b":{"0":[10],"1":[37],"2":[14],"3":[24],"4":[13],"5":[11],"6":[6],"7":[9],"8":[4],"9":[10],"10":[1],"11":[9],"12":[1],"13":[10],"14":[5],"15":[6],"16":[4],"17":[1],"18":[3],"19":[22],"20":[15]},"fnMap":{"0":{"name":"<instance_members_initializer>","decl":{"start":{"line":9,"column":20},"end":{"line":9,"column":41}},"loc":{"start":{"line":9,"column":20},"end":{"line":9,"column":41}},"line":9},"1":{"name":"intEnv","decl":{"start":{"line":33,"column":0},"end":{"line":41,"column":1}},"loc":{"start":{"line":33,"column":0},"end":{"line":41,"column":1}},"line":33},"2":{"name":"strEnv","decl":{"start":{"line":43,"column":0},"end":{"line":46,"column":1}},"loc":{"start":{"line":43,"column":0},"end":{"line":46,"column":1}},"line":43},"3":{"name":"logLevelEnv","decl":{"start":{"line":48,"column":0},"end":{"line":56,"column":1}},"loc":{"start":{"line":48,"column":0},"end":{"line":56,"column":1}},"line":48},"4":{"name":"loadConfig","decl":{"start":{"line":58,"column":7},"end":{"line":69,"column":1}},"loc":{"start":{"line":58,"column":7},"end":{"line":69,"column":1}},"line":58}},"f":{"0":10,"1":37,"2":10,"3":10,"4":15}}
,"/home/red_iron/CodeBase/g2bmaster-ai/src/capability/llm/gateway.ts": {"path":"/home/red_iron/CodeBase/g2bmaster-ai/src/capability/llm/gateway.ts","all":false,"statementMap":{"9":{"start":{"line":10,"column":0},"end":{"line":10,"column":49}},"10":{"start":{"line":11,"column":0},"end":{"line":11,"column":52}},"34":{"start":{"line":35,"column":0},"end":{"line":35,"column":42}},"35":{"start":{"line":36,"column":0},"end":{"line":36,"column":46}},"36":{"start":{"line":37,"column":0},"end":{"line":37,"column":32}},"37":{"start":{"line":38,"column":0},"end":{"line":38,"column":3}},"38":{"start":{"line":39,"column":0},"end":{"line":39,"column":1}},"47":{"start":{"line":48,"column":0},"end":{"line":48,"column":17}},"48":{"start":{"line":49,"column":0},"end":{"line":49,"column":21}},"49":{"start":{"line":50,"column":0},"end":{"line":50,"column":51}},"50":{"start":{"line":51,"column":0},"end":{"line":51,"column":48}},"52":{"start":{"line":53,"column":0},"end":{"line":53,"column":40}},"53":{"start":{"line":54,"column":0},"end":{"line":54,"column":88}},"54":{"start":{"line":55,"column":0},"end":{"line":55,"column":21}},"55":{"start":{"line":56,"column":0},"end":{"line":56,"column":25}},"56":{"start":{"line":57,"column":0},"end":{"line":57,"column":18}},"57":{"start":{"line":58,"column":0},"end":{"line":58,"column":27}},"58":{"start":{"line":59,"column":0},"end":{"line":59,"column":22}},"59":{"start":{"line":60,"column":0},"end":{"line":60,"column":23}},"60":{"start":{"line":61,"column":0},"end":{"line":61,"column":31}},"61":{"start":{"line":62,"column":0},"end":{"line":62,"column":6}},"62":{"start":{"line":63,"column":0},"end":{"line":63,"column":3}},"63":{"start":{"line":64,"column":0},"end":{"line":64,"column":1}},"71":{"start":{"line":72,"column":0},"end":{"line":72,"column":25}},"72":{"start":{"line":73,"column":0},"end":{"line":73,"column":34}},"73":{"start":{"line":74,"column":0},"end":{"line":74,"column":91}},"75":{"start":{"line":76,"column":0},"end":{"line":76,"column":14}},"76":{"start":{"line":77,"column":0},"end":{"line":77,"column":40}},"77":{"start":{"line":78,"column":0},"end":{"line":78,"column":42}},"78":{"start":{"line":79,"column":0},"end":{"line":79,"column":5}},"79":{"start":{"line":80,"column":0},"end":{"line":80,"column":50}},"80":{"start":{"line":81,"column":0},"end":{"line":81,"column":3}},"86":{"start":{"line":87,"column":0},"end":{"line":87,"column":24}},"87":{"start":{"line":88,"column":0},"end":{"line":88,"column":29}},"88":{"start":{"line":89,"column":0},"end":{"line":89,"column":35}},"89":{"start":{"line":90,"column":0},"end":{"line":90,"column":31}},"90":{"start":{"line":91,"column":0},"end":{"line":91,"column":23}},"91":{"start":{"line":92,"column":0},"end":{"line":92,"column":17}},"92":{"start":{"line":93,"column":0},"end":{"line":93,"column":38}},"94":{"start":{"line":95,"column":0},"end":{"line":95,"column":54}},"95":{"start":{"line":96,"column":0},"end":{"line":96,"column":42}},"96":{"start":{"line":97,"column":0},"end":{"line":97,"column":92}},"98":{"start":{"line":99,"column":0},"end":{"line":99,"column":91}},"99":{"start":{"line":100,"column":0},"end":{"line":100,"column":11}},"100":{"start":{"line":101,"column":0},"end":{"line":101,"column":51}},"101":{"start":{"line":102,"column":0},"end":{"line":102,"column":19}},"102":{"start":{"line":103,"column":0},"end":{"line":103,"column":41}},"103":{"start":{"line":104,"column":0},"end":{"line":104,"column":7}},"104":{"start":{"line":105,"column":0},"end":{"line":105,"column":5}},"105":{"start":{"line":106,"column":0},"end":{"line":106,"column":52}},"106":{"start":{"line":107,"column":0},"end":{"line":107,"column":3}},"108":{"start":{"line":109,"column":0},"end":{"line":109,"column":115}},"109":{"start":{"line":110,"column":0},"end":{"line":110,"column":45}},"110":{"start":{"line":111,"column":0},"end":{"line":111,"column":45}},"111":{"start":{"line":112,"column":0},"end":{"line":112,"column":65}},"112":{"start":{"line":113,"column":0},"end":{"line":113,"column":33}},"114":{"start":{"line":115,"column":0},"end":{"line":115,"column":9}},"115":{"start":{"line":116,"column":0},"end":{"line":116,"column":42}},"116":{"start":{"line":117,"column":0},"end":{"line":117,"column":28}},"117":{"start":{"line":118,"column":0},"end":{"line":118,"column":30}},"118":{"start":{"line":119,"column":0},"end":{"line":119,"column":35}},"119":{"start":{"line":120,"column":0},"end":{"line":120,"column":49}},"120":{"start":{"line":121,"column":0},"end":{"line":121,"column":35}},"121":{"start":{"line":122,"column":0},"end":{"line":122,"column":45}},"122":{"start":{"line":123,"column":0},"end":{"line":123,"column":34}},"123":{"start":{"line":124,"column":0},"end":{"line":124,"column":9}},"124":{"start":{"line":125,"column":0},"end":{"line":125,"column":50}},"125":{"start":{"line":126,"column":0},"end":{"line":126,"column":58}},"126":{"start":{"line":127,"column":0},"end":{"line":127,"column":28}},"127":{"start":{"line":128,"column":0},"end":{"line":128,"column":22}},"128":{"start":{"line":129,"column":0},"end":{"line":129,"column":17}},"129":{"start":{"line":130,"column":0},"end":{"line":130,"column":104}},"130":{"start":{"line":131,"column":0},"end":{"line":131,"column":103}},"131":{"start":{"line":132,"column":0},"end":{"line":132,"column":67}},"132":{"start":{"line":133,"column":0},"end":{"line":133,"column":15}},"133":{"start":{"line":134,"column":0},"end":{"line":134,"column":26}},"134":{"start":{"line":135,"column":0},"end":{"line":135,"column":53}},"135":{"start":{"line":136,"column":0},"end":{"line":136,"column":16}},"136":{"start":{"line":137,"column":0},"end":{"line":137,"column":5}},"137":{"start":{"line":138,"column":0},"end":{"line":138,"column":3}},"138":{"start":{"line":139,"column":0},"end":{"line":139,"column":1}},"140":{"start":{"line":141,"column":0},"end":{"line":141,"column":44}},"141":{"start":{"line":142,"column":0},"end":{"line":142,"column":59}},"142":{"start":{"line":143,"column":0},"end":{"line":143,"column":38}},"143":{"start":{"line":144,"column":0},"end":{"line":144,"column":1}}},"s":{"9":1,"10":1,"34":1,"35":1,"36":1,"37":1,"38":1,"47":1,"48":1,"49":1,"50":1,"52":1,"53":17,"54":17,"55":17,"56":17,"57":17,"58":17,"59":17,"60":17,"61":17,"62":17,"63":1,"71":1,"72":1,"73":1,"75":1,"76":13,"77":13,"78":13,"79":13,"80":13,"86":1,"87":15,"88":15,"89":15,"90":15,"91":15,"92":15,"94":15,"95":18,"96":18,"98":17,"99":12,"100":12,"101":18,"102":5,"103":5,"104":18,"105":2,"106":15,"108":1,"109":17,"110":17,"111":17,"112":17,"114":17,"115":17,"116":17,"117":17,"118":17,"119":17,"120":17,"121":17,"122":17,"123":17,"124":12,"125":12,"126":12,"127":12,"128":17,"129":5,"130":5,"131":2,"132":17,"133":17,"134":17,"135":17,"136":17,"137":17,"138":1,"140":12,"141":12,"142":12,"143":12},"branchMap":{"0":{"type":"branch","line":36,"loc":{"start":{"line":36,"column":2},"end":{"line":38,"column":3}},"locations":[{"start":{"line":36,"column":2},"end":{"line":38,"column":3}}]},"1":{"type":"branch","line":38,"loc":{"start":{"line":38,"column":2},"end":{"line":38,"column":3}},"locations":[{"start":{"line":38,"column":2},"end":{"line":38,"column":3}}]},"2":{"type":"branch","line":51,"loc":{"start":{"line":51,"column":2},"end":{"line":51,"column":48}},"locations":[{"start":{"line":51,"column":2},"end":{"line":51,"column":48}}]},"3":{"type":"branch","line":53,"loc":{"start":{"line":53,"column":2},"end":{"line":63,"column":3}},"locations":[{"start":{"line":53,"column":2},"end":{"line":63,"column":3}}]},"4":{"type":"branch","line":54,"loc":{"start":{"line":54,"column":35},"end":{"line":54,"column":88}},"locations":[{"start":{"line":54,"column":35},"end":{"line":54,"column":88}}]},"5":{"type":"branch","line":54,"loc":{"start":{"line":54,"column":59},"end":{"line":54,"column":86}},"locations":[{"start":{"line":54,"column":59},"end":{"line":54,"column":86}}]},"6":{"type":"branch","line":57,"loc":{"start":{"line":57,"column":11},"end":{"line":62,"column":6}},"locations":[{"start":{"line":57,"column":11},"end":{"line":62,"column":6}}]},"7":{"type":"branch","line":58,"loc":{"start":{"line":58,"column":20},"end":{"line":58,"column":27}},"locations":[{"start":{"line":58,"column":20},"end":{"line":58,"column":27}}]},"8":{"type":"branch","line":61,"loc":{"start":{"line":61,"column":25},"end":{"line":61,"column":31}},"locations":[{"start":{"line":61,"column":25},"end":{"line":61,"column":31}}]},"9":{"type":"branch","line":76,"loc":{"start":{"line":76,"column":2},"end":{"line":81,"column":3}},"locations":[{"start":{"line":76,"column":2},"end":{"line":81,"column":3}}]},"10":{"type":"branch","line":87,"loc":{"start":{"line":87,"column":2},"end":{"line":107,"column":3}},"locations":[{"start":{"line":87,"column":2},"end":{"line":107,"column":3}}]},"11":{"type":"branch","line":95,"loc":{"start":{"line":95,"column":53},"end":{"line":105,"column":5}},"locations":[{"start":{"line":95,"column":53},"end":{"line":105,"column":5}}]},"12":{"type":"branch","line":97,"loc":{"start":{"line":97,"column":23},"end":{"line":97,"column":92}},"locations":[{"start":{"line":97,"column":23},"end":{"line":97,"column":92}}]},"13":{"type":"branch","line":97,"loc":{"start":{"line":97,"column":90},"end":{"line":99,"column":91}},"locations":[{"start":{"line":97,"column":90},"end":{"line":99,"column":91}}]},"14":{"type":"branch","line":99,"loc":{"start":{"line":99,"column":89},"end":{"line":102,"column":15}},"locations":[{"start":{"line":99,"column":89},"end":{"line":102,"column":15}}]},"15":{"type":"branch","line":102,"loc":{"start":{"line":102,"column":6},"end":{"line":104,"column":7}},"locations":[{"start":{"line":102,"column":6},"end":{"line":104,"column":7}}]},"16":{"type":"branch","line":105,"loc":{"start":{"line":105,"column":4},"end":{"line":106,"column":52}},"locations":[{"start":{"line":105,"column":4},"end":{"line":106,"column":52}}]},"17":{"type":"branch","line":109,"loc":{"start":{"line":109,"column":2},"end":{"line":138,"column":3}},"locations":[{"start":{"line":109,"column":2},"end":{"line":138,"column":3}}]},"18":{"type":"branch","line":124,"loc":{"start":{"line":124,"column":7},"end":{"line":129,"column":13}},"locations":[{"start":{"line":124,"column":7},"end":{"line":129,"column":13}}]},"19":{"type":"branch","line":129,"loc":{"start":{"line":129,"column":4},"end":{"line":133,"column":6}},"locations":[{"start":{"line":129,"column":4},"end":{"line":133,"column":6}}]},"20":{"type":"branch","line":130,"loc":{"start":{"line":130,"column":38},"end":{"line":130,"column":104}},"locations":[{"start":{"line":130,"column":38},"end":{"line":130,"column":104}}]},"21":{"type":"branch","line":130,"loc":{"start":{"line":130,"column":102},"end":{"line":131,"column":43}},"locations":[{"start":{"line":130,"column":102},"end":{"line":131,"column":43}}]},"22":{"type":"branch","line":131,"loc":{"start":{"line":131,"column":37},"end":{"line":133,"column":6}},"locations":[{"start":{"line":131,"column":37},"end":{"line":133,"column":6}}]},"23":{"type":"branch","line":133,"loc":{"start":{"line":133,"column":4},"end":{"line":133,"column":6}},"locations":[{"start":{"line":133,"column":4},"end":{"line":133,"column":6}}]},"24":{"type":"branch","line":112,"loc":{"start":{"line":112,"column":29},"end":{"line":112,"column":55}},"locations":[{"start":{"line":112,"column":29},"end":{"line":112,"column":55}}]},"25":{"type":"branch","line":141,"loc":{"start":{"line":141,"column":0},"end":{"line":144,"column":1}},"locations":[{"start":{"line":141,"column":0},"end":{"line":144,"column":1}}]},"26":{"type":"branch","line":143,"loc":{"start":{"line":143,"column":10},"end":{"line":143,"column":25}},"locations":[{"start":{"line":143,"column":10},"end":{"line":143,"column":25}}]},"27":{"type":"branch","line":143,"loc":{"start":{"line":143,"column":20},"end":{"line":143,"column":31}},"locations":[{"start":{"line":143,"column":20},"end":{"line":143,"column":31}}]}},"b":{"0":[1],"1":[1],"2":[13],"3":[17],"4":[1],"5":[1],"6":[17],"7":[0],"8":[1],"9":[13],"10":[15],"11":[18],"12":[1],"13":[17],"14":[12],"15":[5],"16":[2],"17":[17],"18":[12],"19":[5],"20":[1],"21":[4],"22":[2],"23":[0],"24":[2],"25":[12],"26":[1],"27":[11]},"fnMap":{"0":{"name":"PoolExhausted","decl":{"start":{"line":36,"column":2},"end":{"line":38,"column":3}},"loc":{"start":{"line":36,"column":2},"end":{"line":38,"column":3}},"line":36},"1":{"name":"<instance_members_initializer>","decl":{"start":{"line":38,"column":2},"end":{"line":38,"column":3}},"loc":{"start":{"line":38,"column":2},"end":{"line":38,"column":3}},"line":38},"2":{"name":"Semaphore","decl":{"start":{"line":51,"column":2},"end":{"line":51,"column":48}},"loc":{"start":{"line":51,"column":2},"end":{"line":51,"column":48}},"line":51},"3":{"name":"acquire","decl":{"start":{"line":53,"column":2},"end":{"line":63,"column":3}},"loc":{"start":{"line":53,"column":2},"end":{"line":63,"column":3}},"line":53},"4":{"name":"LlmGateway","decl":{"start":{"line":76,"column":2},"end":{"line":81,"column":3}},"loc":{"start":{"line":76,"column":2},"end":{"line":81,"column":3}},"line":76},"5":{"name":"completeJson","decl":{"start":{"line":87,"column":2},"end":{"line":107,"column":3}},"loc":{"start":{"line":87,"column":2},"end":{"line":107,"column":3}},"line":87},"6":{"name":"call","decl":{"start":{"line":109,"column":2},"end":{"line":138,"column":3}},"loc":{"start":{"line":109,"column":2},"end":{"line":138,"column":3}},"line":109},"7":{"name":"stripFences","decl":{"start":{"line":141,"column":0},"end":{"line":144,"column":1}},"loc":{"start":{"line":141,"column":0},"end":{"line":144,"column":1}},"line":141}},"f":{"0":1,"1":1,"2":13,"3":17,"4":13,"5":15,"6":17,"7":12}}
,"/home/red_iron/CodeBase/g2bmaster-ai/src/capability/llm/promptRegistry.ts": {"path":"/home/red_iron/CodeBase/g2bmaster-ai/src/capability/llm/promptRegistry.ts","all":false,"statementMap":{"9":{"start":{"line":10,"column":0},"end":{"line":10,"column":41}},"33":{"start":{"line":34,"column":0},"end":{"line":34,"column":41}},"34":{"start":{"line":35,"column":0},"end":{"line":35,"column":35}},"35":{"start":{"line":36,"column":0},"end":{"line":36,"column":23}},"37":{"start":{"line":38,"column":0},"end":{"line":38,"column":34}},"38":{"start":{"line":39,"column":0},"end":{"line":39,"column":21}},"39":{"start":{"line":40,"column":0},"end":{"line":40,"column":27}},"40":{"start":{"line":41,"column":0},"end":{"line":41,"column":39}},"41":{"start":{"line":42,"column":0},"end":{"line":42,"column":5}},"42":{"start":{"line":43,"column":0},"end":{"line":43,"column":88}},"43":{"start":{"line":44,"column":0},"end":{"line":44,"column":32}},"44":{"start":{"line":45,"column":0},"end":{"line":45,"column":1}},"46":{"start":{"line":47,"column":0},"end":{"line":47,"column":29}},"47":{"start":{"line":48,"column":0},"end":{"line":48,"column":62}},"49":{"start":{"line":50,"column":0},"end":{"line":50,"column":58}},"50":{"start":{"line":51,"column":0},"end":{"line":51,"column":73}},"51":{"start":{"line":52,"column":0},"end":{"line":52,"column":74}},"52":{"start":{"line":53,"column":0},"end":{"line":53,"column":34}},"53":{"start":{"line":54,"column":0},"end":{"line":54,"column":22}},"54":{"start":{"line":55,"column":0},"end":{"line":55,"column":3}},"56":{"start":{"line":57,"column":0},"end":{"line":57,"column":37}},"57":{"start":{"line":58,"column":0},"end":{"line":58,"column":32}},"58":{"start":{"line":59,"column":0},"end":{"line":59,"column":56}},"59":{"start":{"line":60,"column":0},"end":{"line":60,"column":13}},"60":{"start":{"line":61,"column":0},"end":{"line":61,"column":3}},"66":{"start":{"line":67,"column":0},"end":{"line":67,"column":40}},"67":{"start":{"line":68,"column":0},"end":{"line":68,"column":80}},"68":{"start":{"line":69,"column":0},"end":{"line":69,"column":3}},"69":{"start":{"line":70,"column":0},"end":{"line":70,"column":1}}},"s":{"9":1,"33":32,"34":32,"35":32,"37":32,"38":32,"39":32,"40":32,"41":32,"42":32,"43":32,"44":32,"46":1,"47":1,"49":1,"50":33,"51":32,"52":32,"53":32,"54":33,"56":1,"57":1,"58":1,"59":0,"60":1,"66":1,"67":4,"68":4,"69":1},"branchMap":{"0":{"type":"branch","line":34,"loc":{"start":{"line":34,"column":0},"end":{"line":45,"column":1}},"locations":[{"start":{"line":34,"column":0},"end":{"line":45,"column":1}}]},"1":{"type":"branch","line":48,"loc":{"start":{"line":48,"column":19},"end":{"line":48,"column":62}},"locations":[{"start":{"line":48,"column":19},"end":{"line":48,"column":62}}]},"2":{"type":"branch","line":50,"loc":{"start":{"line":50,"column":2},"end":{"line":55,"column":3}},"locations":[{"start":{"line":50,"column":2},"end":{"line":55,"column":3}}]},"3":{"type":"branch","line":51,"loc":{"start":{"line":51,"column":27},"end":{"line":51,"column":73}},"locations":[{"start":{"line":51,"column":27},"end":{"line":51,"column":73}}]},"4":{"type":"branch","line":51,"loc":{"start":{"line":51,"column":71},"end":{"line":54,"column":22}},"locations":[{"start":{"line":51,"column":71},"end":{"line":54,"column":22}}]},"5":{"type":"branch","line":57,"loc":{"start":{"line":57,"column":2},"end":{"line":61,"column":3}},"locations":[{"start":{"line":57,"column":2},"end":{"line":61,"column":3}}]},"6":{"type":"branch","line":59,"loc":{"start":{"line":59,"column":54},"end":{"line":60,"column":13}},"locations":[{"start":{"line":59,"column":54},"end":{"line":60,"column":13}}]},"7":{"type":"branch","line":67,"loc":{"start":{"line":67,"column":2},"end":{"line":69,"column":3}},"locations":[{"start":{"line":67,"column":2},"end":{"line":69,"column":3}}]},"8":{"type":"branch","line":68,"loc":{"start":{"line":68,"column":49},"end":{"line":68,"column":77}},"locations":[{"start":{"line":68,"column":49},"end":{"line":68,"column":77}}]}},"b":{"0":[32],"1":[33],"2":[33],"3":[1],"4":[32],"5":[1],"6":[0],"7":[4],"8":[4]},"fnMap":{"0":{"name":"derive","decl":{"start":{"line":34,"column":0},"end":{"line":45,"column":1}},"loc":{"start":{"line":34,"column":0},"end":{"line":45,"column":1}},"line":34},"1":{"name":"<instance_members_initializer>","decl":{"start":{"line":48,"column":19},"end":{"line":48,"column":62}},"loc":{"start":{"line":48,"column":19},"end":{"line":48,"column":62}},"line":48},"2":{"name":"register","decl":{"start":{"line":50,"column":2},"end":{"line":55,"column":3}},"loc":{"start":{"line":50,"column":2},"end":{"line":55,"column":3}},"line":50},"3":{"name":"get","decl":{"start":{"line":57,"column":2},"end":{"line":61,"column":3}},"loc":{"start":{"line":57,"column":2},"end":{"line":61,"column":3}},"line":57},"4":{"name":"versionMap","decl":{"start":{"line":67,"column":2},"end":{"line":69,"column":3}},"loc":{"start":{"line":67,"column":2},"end":{"line":69,"column":3}},"line":67}},"f":{"0":32,"1":33,"2":33,"3":1,"4":4}}
,"/home/red_iron/CodeBase/g2bmaster-ai/src/capability/llm/status.ts": {"path":"/home/red_iron/CodeBase/g2bmaster-ai/src/capability/llm/status.ts","all":false,"statementMap":{"46":{"start":{"line":47,"column":0},"end":{"line":47,"column":106}},"47":{"start":{"line":48,"column":0},"end":{"line":48,"column":10}},"48":{"start":{"line":49,"column":0},"end":{"line":49,"column":34}},"49":{"start":{"line":50,"column":0},"end":{"line":50,"column":14}},"50":{"start":{"line":51,"column":0},"end":{"line":51,"column":46}},"51":{"start":{"line":52,"column":0},"end":{"line":52,"column":20}},"52":{"start":{"line":53,"column":0},"end":{"line":53,"column":26}},"53":{"start":{"line":54,"column":0},"end":{"line":54,"column":28}},"54":{"start":{"line":55,"column":0},"end":{"line":55,"column":39}},"55":{"start":{"line":56,"column":0},"end":{"line":56,"column":8}},"56":{"start":{"line":57,"column":0},"end":{"line":57,"column":6}},"57":{"start":{"line":58,"column":0},"end":{"line":58,"column":45}},"58":{"start":{"line":59,"column":0},"end":{"line":59,"column":78}},"59":{"start":{"line":60,"column":0},"end":{"line":60,"column":6}},"60":{"start":{"line":61,"column":0},"end":{"line":61,"column":4}},"61":{"start":{"line":62,"column":0},"end":{"line":62,"column":1}}},"s":{"46":1,"47":2,"48":2,"49":1,"50":1,"51":1,"52":1,"53":1,"54":1,"55":1,"56":1,"57":2,"58":1,"59":1,"60":2,"61":2},"branchMap":{"0":{"type":"branch","line":47,"loc":{"start":{"line":47,"column":7},"end":{"line":62,"column":1}},"locations":[{"start":{"line":47,"column":7},"end":{"line":62,"column":1}}]},"1":{"type":"branch","line":47,"loc":{"start":{"line":47,"column":70},"end":{"line":47,"column":105}},"locations":[{"start":{"line":47,"column":70},"end":{"line":47,"column":105}}]},"2":{"type":"branch","line":49,"loc":{"start":{"line":49,"column":4},"end":{"line":57,"column":6}},"locations":[{"start":{"line":49,"column":4},"end":{"line":57,"column":6}}]},"3":{"type":"branch","line":58,"loc":{"start":{"line":58,"column":4},"end":{"line":60,"column":6}},"locations":[{"start":{"line":58,"column":4},"end":{"line":60,"column":6}}]}},"b":{"0":[2],"1":[2],"2":[1],"3":[1]},"fnMap":{"0":{"name":"unwiredLlmStatus","decl":{"start":{"line":47,"column":7},"end":{"line":62,"column":1}},"loc":{"start":{"line":47,"column":7},"end":{"line":62,"column":1}},"line":47},"1":{"name":"now","decl":{"start":{"line":47,"column":70},"end":{"line":47,"column":105}},"loc":{"start":{"line":47,"column":70},"end":{"line":47,"column":105}},"line":47},"2":{"name":"capacity","decl":{"start":{"line":49,"column":4},"end":{"line":57,"column":6}},"loc":{"start":{"line":49,"column":4},"end":{"line":57,"column":6}},"line":49},"3":{"name":"models","decl":{"start":{"line":58,"column":4},"end":{"line":60,"column":6}},"loc":{"start":{"line":58,"column":4},"end":{"line":60,"column":6}},"line":58}},"f":{"0":2,"1":2,"2":1,"3":1}}
,"/home/red_iron/CodeBase/g2bmaster-ai/src/capability/text/citation.ts": {"path":"/home/red_iron/CodeBase/g2bmaster-ai/src/capability/text/citation.ts","all":false,"statementMap":{"30":{"start":{"line":31,"column":0},"end":{"line":31,"column":82}},"31":{"start":{"line":32,"column":0},"end":{"line":32,"column":42}},"32":{"start":{"line":33,"column":0},"end":{"line":33,"column":1}},"34":{"start":{"line":35,"column":0},"end":{"line":35,"column":31}},"35":{"start":{"line":36,"column":0},"end":{"line":36,"column":28}},"36":{"start":{"line":37,"column":0},"end":{"line":37,"column":34}},"37":{"start":{"line":38,"column":0},"end":{"line":38,"column":34}},"38":{"start":{"line":39,"column":0},"end":{"line":39,"column":20}},"39":{"start":{"line":40,"column":0},"end":{"line":40,"column":72}},"40":{"start":{"line":41,"column":0},"end":{"line":41,"column":66}},"42":{"start":{"line":43,"column":0},"end":{"line":43,"column":33}},"43":{"start":{"line":44,"column":0},"end":{"line":44,"column":51}},"45":{"start":{"line":46,"column":0},"end":{"line":46,"column":29}},"49":{"start":{"line":50,"column":0},"end":{"line":50,"column":43}},"50":{"start":{"line":51,"column":0},"end":{"line":51,"column":57}},"51":{"start":{"line":52,"column":0},"end":{"line":52,"column":15}},"52":{"start":{"line":53,"column":0},"end":{"line":53,"column":5}},"54":{"start":{"line":55,"column":0},"end":{"line":55,"column":64}},"55":{"start":{"line":56,"column":0},"end":{"line":56,"column":58}},"56":{"start":{"line":57,"column":0},"end":{"line":57,"column":30}},"57":{"start":{"line":58,"column":0},"end":{"line":58,"column":58}},"58":{"start":{"line":59,"column":0},"end":{"line":59,"column":15}},"59":{"start":{"line":60,"column":0},"end":{"line":60,"column":5}},"61":{"start":{"line":62,"column":0},"end":{"line":62,"column":63}},"62":{"start":{"line":63,"column":0},"end":{"line":63,"column":74}},"64":{"start":{"line":65,"column":0},"end":{"line":65,"column":37}},"65":{"start":{"line":66,"column":0},"end":{"line":66,"column":73}},"66":{"start":{"line":67,"column":0},"end":{"line":67,"column":15}},"67":{"start":{"line":68,"column":0},"end":{"line":68,"column":5}},"70":{"start":{"line":71,"column":0},"end":{"line":71,"column":61}},"71":{"start":{"line":72,"column":0},"end":{"line":72,"column":55}},"72":{"start":{"line":73,"column":0},"end":{"line":73,"column":21}},"73":{"start":{"line":74,"column":0},"end":{"line":74,"column":16}},"74":{"start":{"line":75,"column":0},"end":{"line":75,"column":90}},"75":{"start":{"line":76,"column":0},"end":{"line":76,"column":9}},"76":{"start":{"line":77,"column":0},"end":{"line":77,"column":15}},"77":{"start":{"line":78,"column":0},"end":{"line":78,"column":5}},"79":{"start":{"line":80,"column":0},"end":{"line":80,"column":91}},"80":{"start":{"line":81,"column":0},"end":{"line":81,"column":3}},"82":{"start":{"line":83,"column":0},"end":{"line":83,"column":32}},"83":{"start":{"line":84,"column":0},"end":{"line":84,"column":1}}},"s":{"30":1,"31":9,"32":9,"34":1,"35":9,"36":9,"37":9,"38":9,"39":9,"40":9,"42":9,"43":9,"45":9,"49":10,"50":1,"51":1,"52":1,"54":9,"55":9,"56":10,"57":1,"58":1,"59":1,"61":8,"62":8,"64":10,"65":2,"66":2,"67":2,"70":6,"71":10,"72":3,"73":3,"74":3,"75":3,"76":3,"77":3,"79":10,"80":10,"82":9,"83":9},"branchMap":{"0":{"type":"branch","line":31,"loc":{"start":{"line":31,"column":7},"end":{"line":33,"column":1}},"locations":[{"start":{"line":31,"column":7},"end":{"line":33,"column":1}}]},"1":{"type":"branch","line":35,"loc":{"start":{"line":35,"column":7},"end":{"line":84,"column":1}},"locations":[{"start":{"line":35,"column":7},"end":{"line":84,"column":1}}]},"2":{"type":"branch","line":46,"loc":{"start":{"line":46,"column":28},"end":{"line":81,"column":3}},"locations":[{"start":{"line":46,"column":28},"end":{"line":81,"column":3}}]},"3":{"type":"branch","line":50,"loc":{"start":{"line":50,"column":42},"end":{"line":53,"column":5}},"locations":[{"start":{"line":50,"column":42},"end":{"line":53,"column":5}}]},"4":{"type":"branch","line":53,"loc":{"start":{"line":53,"column":4},"end":{"line":57,"column":21}},"locations":[{"start":{"line":53,"column":4},"end":{"line":57,"column":21}}]},"5":{"type":"branch","line":57,"loc":{"start":{"line":57,"column":9},"end":{"line":57,"column":29}},"locations":[{"start":{"line":57,"column":9},"end":{"line":57,"column":29}}]},"6":{"type":"branch","line":57,"loc":{"start":{"line":57,"column":29},"end":{"line":60,"column":5}},"locations":[{"start":{"line":57,"column":29},"end":{"line":60,"column":5}}]},"7":{"type":"branch","line":60,"loc":{"start":{"line":60,"column":4},"end":{"line":65,"column":36}},"locations":[{"start":{"line":60,"column":4},"end":{"line":65,"column":36}}]},"8":{"type":"branch","line":65,"loc":{"start":{"line":65,"column":36},"end":{"line":68,"column":5}},"locations":[{"start":{"line":65,"column":36},"end":{"line":68,"column":5}}]},"9":{"type":"branch","line":68,"loc":{"start":{"line":68,"column":4},"end":{"line":72,"column":22}},"locations":[{"start":{"line":68,"column":4},"end":{"line":72,"column":22}}]},"10":{"type":"branch","line":72,"loc":{"start":{"line":72,"column":17},"end":{"line":72,"column":54}},"locations":[{"start":{"line":72,"column":17},"end":{"line":72,"column":54}}]},"11":{"type":"branch","line":72,"loc":{"start":{"line":72,"column":54},"end":{"line":80,"column":50}},"locations":[{"start":{"line":72,"column":54},"end":{"line":80,"column":50}}]},"12":{"type":"branch","line":80,"loc":{"start":{"line":80,"column":46},"end":{"line":80,"column":70}},"locations":[{"start":{"line":80,"column":46},"end":{"line":80,"column":70}}]},"13":{"type":"branch","line":80,"loc":{"start":{"line":80,"column":50},"end":{"line":80,"column":88}},"locations":[{"start":{"line":80,"column":50},"end":{"line":80,"column":88}}]},"14":{"type":"branch","line":40,"loc":{"start":{"line":40,"column":45},"end":{"line":40,"column":69}},"locations":[{"start":{"line":40,"column":45},"end":{"line":40,"column":69}}]},"15":{"type":"branch","line":41,"loc":{"start":{"line":41,"column":39},"end":{"line":41,"column":63}},"locations":[{"start":{"line":41,"column":39},"end":{"line":41,"column":63}}]}},"b":{"0":[9],"1":[9],"2":[10],"3":[1],"4":[9],"5":[8],"6":[1],"7":[8],"8":[2],"9":[6],"10":[3],"11":[3],"12":[2],"13":[1],"14":[9],"15":[9]},"fnMap":{"0":{"name":"toSourceOffset","decl":{"start":{"line":31,"column":7},"end":{"line":33,"column":1}},"loc":{"start":{"line":31,"column":7},"end":{"line":33,"column":1}},"line":31},"1":{"name":"verifyFacts","decl":{"start":{"line":35,"column":7},"end":{"line":84,"column":1}},"loc":{"start":{"line":35,"column":7},"end":{"line":84,"column":1}},"line":35}},"f":{"0":9,"1":9}}
,"/home/red_iron/CodeBase/g2bmaster-ai/src/capability/text/clamp.ts": {"path":"/home/red_iron/CodeBase/g2bmaster-ai/src/capability/text/clamp.ts","all":false,"statementMap":{"12":{"start":{"line":13,"column":0},"end":{"line":13,"column":37}},"13":{"start":{"line":14,"column":0},"end":{"line":14,"column":35}},"14":{"start":{"line":15,"column":0},"end":{"line":15,"column":44}},"39":{"start":{"line":40,"column":0},"end":{"line":40,"column":55}},"40":{"start":{"line":41,"column":0},"end":{"line":41,"column":44}},"41":{"start":{"line":42,"column":0},"end":{"line":42,"column":1}},"43":{"start":{"line":44,"column":0},"end":{"line":44,"column":94}},"44":{"start":{"line":45,"column":0},"end":{"line":45,"column":100}},"45":{"start":{"line":46,"column":0},"end":{"line":46,"column":59}},"46":{"start":{"line":47,"column":0},"end":{"line":47,"column":1}},"52":{"start":{"line":53,"column":0},"end":{"line":53,"column":31}},"53":{"start":{"line":54,"column":0},"end":{"line":54,"column":29}},"54":{"start":{"line":55,"column":0},"end":{"line":55,"column":30}},"55":{"start":{"line":56,"column":0},"end":{"line":56,"column":30}},"56":{"start":{"line":57,"column":0},"end":{"line":57,"column":16}},"57":{"start":{"line":58,"column":0},"end":{"line":58,"column":96}},"58":{"start":{"line":59,"column":0},"end":{"line":59,"column":36}},"59":{"start":{"line":60,"column":0},"end":{"line":60,"column":31}},"60":{"start":{"line":61,"column":0},"end":{"line":61,"column":15}},"62":{"start":{"line":63,"column":0},"end":{"line":63,"column":27}},"63":{"start":{"line":64,"column":0},"end":{"line":64,"column":36}},"64":{"start":{"line":65,"column":0},"end":{"line":65,"column":25}},"65":{"start":{"line":66,"column":0},"end":{"line":66,"column":35}},"66":{"start":{"line":67,"column":0},"end":{"line":67,"column":15}},"67":{"start":{"line":68,"column":0},"end":{"line":68,"column":5}},"68":{"start":{"line":69,"column":0},"end":{"line":69,"column":54}},"69":{"start":{"line":70,"column":0},"end":{"line":70,"column":17}},"70":{"start":{"line":71,"column":0},"end":{"line":71,"column":33}},"71":{"start":{"line":72,"column":0},"end":{"line":72,"column":21}},"72":{"start":{"line":73,"column":0},"end":{"line":73,"column":36}},"73":{"start":{"line":74,"column":0},"end":{"line":74,"column":22}},"74":{"start":{"line":75,"column":0},"end":{"line":75,"column":40}},"75":{"start":{"line":76,"column":0},"end":{"line":76,"column":7}},"76":{"start":{"line":77,"column":0},"end":{"line":77,"column":17}},"77":{"start":{"line":78,"column":0},"end":{"line":78,"column":3}},"79":{"start":{"line":80,"column":0},"end":{"line":80,"column":87}},"80":{"start":{"line":81,"column":0},"end":{"line":81,"column":1}}},"s":{"12":1,"13":1,"14":1,"39":1,"40":14,"41":14,"43":1,"44":11,"45":11,"46":11,"52":1,"53":7,"54":7,"55":7,"56":7,"57":7,"58":7,"59":7,"60":7,"62":7,"63":11,"64":11,"65":3,"66":3,"67":3,"68":8,"69":8,"70":8,"71":8,"72":8,"73":8,"74":8,"75":8,"76":8,"77":8,"79":7,"80":7},"branchMap":{"0":{"type":"branch","line":40,"loc":{"start":{"line":40,"column":7},"end":{"line":42,"column":1}},"locations":[{"start":{"line":40,"column":7},"end":{"line":42,"column":1}}]},"1":{"type":"branch","line":44,"loc":{"start":{"line":44,"column":7},"end":{"line":47,"column":1}},"locations":[{"start":{"line":44,"column":7},"end":{"line":47,"column":1}}]},"2":{"type":"branch","line":53,"loc":{"start":{"line":53,"column":7},"end":{"line":81,"column":1}},"locations":[{"start":{"line":53,"column":7},"end":{"line":81,"column":1}}]},"3":{"type":"branch","line":63,"loc":{"start":{"line":63,"column":26},"end":{"line":78,"column":3}},"locations":[{"start":{"line":63,"column":26},"end":{"line":78,"column":3}}]},"4":{"type":"branch","line":65,"loc":{"start":{"line":65,"column":24},"end":{"line":68,"column":5}},"locations":[{"start":{"line":65,"column":24},"end":{"line":68,"column":5}}]},"5":{"type":"branch","line":68,"loc":{"start":{"line":68,"column":4},"end":{"line":78,"column":3}},"locations":[{"start":{"line":68,"column":4},"end":{"line":78,"column":3}}]}},"b":{"0":[14],"1":[11],"2":[7],"3":[11],"4":[3],"5":[8]},"fnMap":{"0":{"name":"estimateTokens","decl":{"start":{"line":40,"column":7},"end":{"line":42,"column":1}},"loc":{"start":{"line":40,"column":7},"end":{"line":42,"column":1}},"line":40},"1":{"name":"charBudget","decl":{"start":{"line":44,"column":7},"end":{"line":47,"column":1}},"loc":{"start":{"line":44,"column":7},"end":{"line":47,"column":1}},"line":44},"2":{"name":"clampToContext","decl":{"start":{"line":53,"column":7},"end":{"line":81,"column":1}},"loc":{"start":{"line":53,"column":7},"end":{"line":81,"column":1}},"line":53}},"f":{"0":14,"1":11,"2":7}}
,"/home/red_iron/CodeBase/g2bmaster-ai/src/http/errors.ts": {"path":"/home/red_iron/CodeBase/g2bmaster-ai/src/http/errors.ts","all":false,"statementMap":{"27":{"start":{"line":28,"column":0},"end":{"line":28,"column":83}},"28":{"start":{"line":29,"column":0},"end":{"line":29,"column":16}},"29":{"start":{"line":30,"column":0},"end":{"line":30,"column":16}},"30":{"start":{"line":31,"column":0},"end":{"line":31,"column":21}},"31":{"start":{"line":32,"column":0},"end":{"line":32,"column":33}},"32":{"start":{"line":33,"column":0},"end":{"line":33,"column":4}},"33":{"start":{"line":34,"column":0},"end":{"line":34,"column":20}},"34":{"start":{"line":35,"column":0},"end":{"line":35,"column":16}},"35":{"start":{"line":36,"column":0},"end":{"line":36,"column":21}},"36":{"start":{"line":37,"column":0},"end":{"line":37,"column":40}},"37":{"start":{"line":38,"column":0},"end":{"line":38,"column":4}},"38":{"start":{"line":39,"column":0},"end":{"line":39,"column":16}},"39":{"start":{"line":40,"column":0},"end":{"line":40,"column":16}},"40":{"start":{"line":41,"column":0},"end":{"line":41,"column":21}},"41":{"start":{"line":42,"column":0},"end":{"line":42,"column":50}},"42":{"start":{"line":43,"column":0},"end":{"line":43,"column":4}},"50":{"start":{"line":51,"column":0},"end":{"line":51,"column":20}},"51":{"start":{"line":52,"column":0},"end":{"line":52,"column":16}},"52":{"start":{"line":53,"column":0},"end":{"line":53,"column":21}},"53":{"start":{"line":54,"column":0},"end":{"line":54,"column":40}},"54":{"start":{"line":55,"column":0},"end":{"line":55,"column":4}},"55":{"start":{"line":56,"column":0},"end":{"line":56,"column":20}},"56":{"start":{"line":57,"column":0},"end":{"line":57,"column":16}},"57":{"start":{"line":58,"column":0},"end":{"line":58,"column":20}},"58":{"start":{"line":59,"column":0},"end":{"line":59,"column":50}},"59":{"start":{"line":60,"column":0},"end":{"line":60,"column":4}},"60":{"start":{"line":61,"column":0},"end":{"line":61,"column":16}},"61":{"start":{"line":62,"column":0},"end":{"line":62,"column":16}},"62":{"start":{"line":63,"column":0},"end":{"line":63,"column":20}},"63":{"start":{"line":64,"column":0},"end":{"line":64,"column":42}},"64":{"start":{"line":65,"column":0},"end":{"line":65,"column":4}},"65":{"start":{"line":66,"column":0},"end":{"line":66,"column":18}},"66":{"start":{"line":67,"column":0},"end":{"line":67,"column":16}},"67":{"start":{"line":68,"column":0},"end":{"line":68,"column":20}},"68":{"start":{"line":69,"column":0},"end":{"line":69,"column":34}},"69":{"start":{"line":70,"column":0},"end":{"line":70,"column":4}},"70":{"start":{"line":71,"column":0},"end":{"line":71,"column":13}},"71":{"start":{"line":72,"column":0},"end":{"line":72,"column":16}},"72":{"start":{"line":73,"column":0},"end":{"line":73,"column":20}},"73":{"start":{"line":74,"column":0},"end":{"line":74,"column":35}},"74":{"start":{"line":75,"column":0},"end":{"line":75,"column":4}},"75":{"start":{"line":76,"column":0},"end":{"line":76,"column":3}},"77":{"start":{"line":78,"column":0},"end":{"line":78,"column":38}},"78":{"start":{"line":79,"column":0},"end":{"line":79,"column":29}},"80":{"start":{"line":81,"column":0},"end":{"line":81,"column":38}},"81":{"start":{"line":82,"column":0},"end":{"line":82,"column":44}},"83":{"start":{"line":84,"column":0},"end":{"line":84,"column":74}},"84":{"start":{"line":85,"column":0},"end":{"line":85,"column":34}},"85":{"start":{"line":86,"column":0},"end":{"line":86,"column":28}},"86":{"start":{"line":87,"column":0},"end":{"line":87,"column":21}},"87":{"start":{"line":88,"column":0},"end":{"line":88,"column":25}},"88":{"start":{"line":89,"column":0},"end":{"line":89,"column":37}},"89":{"start":{"line":90,"column":0},"end":{"line":90,"column":3}},"91":{"start":{"line":92,"column":0},"end":{"line":92,"column":28}},"92":{"start":{"line":93,"column":0},"end":{"line":93,"column":41}},"93":{"start":{"line":94,"column":0},"end":{"line":94,"column":3}},"94":{"start":{"line":95,"column":0},"end":{"line":95,"column":1}},"105":{"start":{"line":106,"column":0},"end":{"line":106,"column":94}},"106":{"start":{"line":107,"column":0},"end":{"line":107,"column":17}},"107":{"start":{"line":108,"column":0},"end":{"line":108,"column":113}},"108":{"start":{"line":109,"column":0},"end":{"line":109,"column":38}},"109":{"start":{"line":110,"column":0},"end":{"line":110,"column":10}},"110":{"start":{"line":111,"column":0},"end":{"line":111,"column":24}},"111":{"start":{"line":112,"column":0},"end":{"line":112,"column":11}},"112":{"start":{"line":113,"column":0},"end":{"line":113,"column":25}},"113":{"start":{"line":114,"column":0},"end":{"line":114,"column":26}},"114":{"start":{"line":115,"column":0},"end":{"line":115,"column":32}},"115":{"start":{"line":116,"column":0},"end":{"line":116,"column":92}},"116":{"start":{"line":117,"column":0},"end":{"line":117,"column":16}},"117":{"start":{"line":118,"column":0},"end":{"line":118,"column":6}},"118":{"start":{"line":119,"column":0},"end":{"line":119,"column":4}},"119":{"start":{"line":120,"column":0},"end":{"line":120,"column":1}}},"s":{"27":1,"28":1,"29":1,"30":1,"31":1,"32":1,"33":1,"34":1,"35":1,"36":1,"37":1,"38":1,"39":1,"40":1,"41":1,"42":1,"50":1,"51":1,"52":1,"53":1,"54":1,"55":1,"56":1,"57":1,"58":1,"59":1,"60":1,"61":1,"62":1,"63":1,"64":1,"65":1,"66":1,"67":1,"68":1,"69":1,"70":1,"71":1,"72":1,"73":1,"74":1,"75":1,"77":1,"78":1,"80":37,"81":37,"83":1,"84":37,"85":37,"86":37,"87":37,"88":37,"89":37,"91":1,"92":1,"93":1,"94":1,"105":1,"106":23,"107":23,"108":23,"109":23,"110":23,"111":23,"112":23,"113":23,"114":23,"115":23,"116":23,"117":23,"118":23,"119":23},"branchMap":{"0":{"type":"branch","line":79,"loc":{"start":{"line":79,"column":11},"end":{"line":82,"column":44}},"locations":[{"start":{"line":79,"column":11},"end":{"line":82,"column":44}}]},"1":{"type":"branch","line":84,"loc":{"start":{"line":84,"column":2},"end":{"line":90,"column":3}},"locations":[{"start":{"line":84,"column":2},"end":{"line":90,"column":3}}]},"2":{"type":"branch","line":92,"loc":{"start":{"line":92,"column":2},"end":{"line":94,"column":3}},"locations":[{"start":{"line":92,"column":2},"end":{"line":94,"column":3}}]},"3":{"type":"branch","line":106,"loc":{"start":{"line":106,"column":7},"end":{"line":120,"column":1}},"locations":[{"start":{"line":106,"column":7},"end":{"line":120,"column":1}}]},"4":{"type":"branch","line":108,"loc":{"start":{"line":108,"column":19},"end":{"line":108,"column":37}},"locations":[{"start":{"line":108,"column":19},"end":{"line":108,"column":37}}]},"5":{"type":"branch","line":108,"loc":{"start":{"line":108,"column":31},"end":{"line":108,"column":113}},"locations":[{"start":{"line":108,"column":31},"end":{"line":108,"column":113}}]},"6":{"type":"branch","line":108,"loc":{"start":{"line":108,"column":78},"end":{"line":108,"column":100}},"locations":[{"start":{"line":108,"column":78},"end":{"line":108,"column":100}}]},"7":{"type":"branch","line":108,"loc":{"start":{"line":108,"column":90},"end":{"line":108,"column":111}},"locations":[{"start":{"line":108,"column":90},"end":{"line":108,"column":111}}]},"8":{"type":"branch","line":116,"loc":{"start":{"line":116,"column":35},"end":{"line":116,"column":88}},"locations":[{"start":{"line":116,"column":35},"end":{"line":116,"column":88}}]},"9":{"type":"branch","line":116,"loc":{"start":{"line":116,"column":84},"end":{"line":116,"column":92}},"locations":[{"start":{"line":116,"column":84},"end":{"line":116,"column":92}}]}},"b":{"0":[37],"1":[37],"2":[1],"3":[23],"4":[19],"5":[4],"6":[1],"7":[3],"8":[1],"9":[22]},"fnMap":{"0":{"name":"<instance_members_initializer>","decl":{"start":{"line":79,"column":11},"end":{"line":82,"column":44}},"loc":{"start":{"line":79,"column":11},"end":{"line":82,"column":44}},"line":79},"1":{"name":"AiFailure","decl":{"start":{"line":84,"column":2},"end":{"line":90,"column":3}},"loc":{"start":{"line":84,"column":2},"end":{"line":90,"column":3}},"line":84},"2":{"name":"get retryable","decl":{"start":{"line":92,"column":2},"end":{"line":94,"column":3}},"loc":{"start":{"line":92,"column":2},"end":{"line":94,"column":3}},"line":92},"3":{"name":"toHttp","decl":{"start":{"line":106,"column":7},"end":{"line":120,"column":1}},"loc":{"start":{"line":106,"column":7},"end":{"line":120,"column":1}},"line":106}},"f":{"0":37,"1":37,"2":1,"3":23}}
,"/home/red_iron/CodeBase/g2bmaster-ai/src/http/requestId.ts": {"path":"/home/red_iron/CodeBase/g2bmaster-ai/src/http/requestId.ts","all":false,"statementMap":{"0":{"start":{"line":1,"column":0},"end":{"line":1,"column":41}},"9":{"start":{"line":10,"column":0},"end":{"line":10,"column":63}},"10":{"start":{"line":11,"column":0},"end":{"line":11,"column":80}},"11":{"start":{"line":12,"column":0},"end":{"line":12,"column":75}},"13":{"start":{"line":14,"column":0},"end":{"line":14,"column":49}},"14":{"start":{"line":15,"column":0},"end":{"line":15,"column":81}},"16":{"start":{"line":17,"column":0},"end":{"line":17,"column":22}},"17":{"start":{"line":18,"column":0},"end":{"line":18,"column":1}}},"s":{"0":1,"9":1,"10":17,"11":17,"13":8,"14":17,"16":6,"17":6},"branchMap":{"0":{"type":"branch","line":10,"loc":{"start":{"line":10,"column":7},"end":{"line":18,"column":1}},"locations":[{"start":{"line":10,"column":7},"end":{"line":18,"column":1}}]},"1":{"type":"branch","line":11,"loc":{"start":{"line":11,"column":24},"end":{"line":11,"column":80}},"locations":[{"start":{"line":11,"column":24},"end":{"line":11,"column":80}}]},"2":{"type":"branch","line":12,"loc":{"start":{"line":12,"column":26},"end":{"line":12,"column":59}},"locations":[{"start":{"line":12,"column":26},"end":{"line":12,"column":59}}]},"3":{"type":"branch","line":12,"loc":{"start":{"line":12,"column":59},"end":{"line":12,"column":75}},"locations":[{"start":{"line":12,"column":59},"end":{"line":12,"column":75}}]},"4":{"type":"branch","line":12,"loc":{"start":{"line":12,"column":66},"end":{"line":15,"column":40}},"locations":[{"start":{"line":12,"column":66},"end":{"line":15,"column":40}}]},"5":{"type":"branch","line":15,"loc":{"start":{"line":15,"column":28},"end":{"line":15,"column":63}},"locations":[{"start":{"line":15,"column":28},"end":{"line":15,"column":63}}]},"6":{"type":"branch","line":15,"loc":{"start":{"line":15,"column":63},"end":{"line":15,"column":81}},"locations":[{"start":{"line":15,"column":63},"end":{"line":15,"column":81}}]},"7":{"type":"branch","line":15,"loc":{"start":{"line":15,"column":70},"end":{"line":18,"column":1}},"locations":[{"start":{"line":15,"column":70},"end":{"line":18,"column":1}}]}},"b":{"0":[17],"1":[13],"2":[9],"3":[9],"4":[8],"5":[2],"6":[2],"7":[6]},"fnMap":{"0":{"name":"resolveRequestId","decl":{"start":{"line":10,"column":7},"end":{"line":18,"column":1}},"loc":{"start":{"line":10,"column":7},"end":{"line":18,"column":1}},"line":10}},"f":{"0":17}}
,"/home/red_iron/CodeBase/g2bmaster-ai/src/http/routes/index.ts": {"path":"/home/red_iron/CodeBase/g2bmaster-ai/src/http/routes/index.ts","all":false,"statementMap":{"10":{"start":{"line":11,"column":0},"end":{"line":11,"column":59}},"11":{"start":{"line":12,"column":0},"end":{"line":12,"column":60}},"15":{"start":{"line":16,"column":0},"end":{"line":16,"column":92}},"16":{"start":{"line":17,"column":0},"end":{"line":17,"column":32}},"17":{"start":{"line":18,"column":0},"end":{"line":18,"column":34}},"22":{"start":{"line":23,"column":0},"end":{"line":23,"column":1}}},"s":{"10":1,"11":1,"15":2,"16":2,"17":2,"22":2},"branchMap":{"0":{"type":"branch","line":16,"loc":{"start":{"line":16,"column":0},"end":{"line":23,"column":1}},"locations":[{"start":{"line":16,"column":0},"end":{"line":23,"column":1}}]}},"b":{"0":[2]},"fnMap":{"0":{"name":"registerRoutes","decl":{"start":{"line":16,"column":0},"end":{"line":23,"column":1}},"loc":{"start":{"line":16,"column":0},"end":{"line":23,"column":1}},"line":16}},"f":{"0":2}}
,"/home/red_iron/CodeBase/g2bmaster-ai/src/http/routes/notImplemented.ts": {"path":"/home/red_iron/CodeBase/g2bmaster-ai/src/http/routes/notImplemented.ts","all":false,"statementMap":{"13":{"start":{"line":14,"column":0},"end":{"line":14,"column":49}},"14":{"start":{"line":15,"column":0},"end":{"line":15,"column":51}},"15":{"start":{"line":16,"column":0},"end":{"line":16,"column":58}},"27":{"start":{"line":28,"column":0},"end":{"line":28,"column":76}},"28":{"start":{"line":29,"column":0},"end":{"line":29,"column":42}},"29":{"start":{"line":30,"column":0},"end":{"line":30,"column":48}},"30":{"start":{"line":31,"column":0},"end":{"line":31,"column":49}},"31":{"start":{"line":32,"column":0},"end":{"line":32,"column":50}},"32":{"start":{"line":33,"column":0},"end":{"line":33,"column":46}},"33":{"start":{"line":34,"column":0},"end":{"line":34,"column":57}},"34":{"start":{"line":35,"column":0},"end":{"line":35,"column":57}},"35":{"start":{"line":36,"column":0},"end":{"line":36,"column":61}},"36":{"start":{"line":37,"column":0},"end":{"line":37,"column":3}},"38":{"start":{"line":39,"column":0},"end":{"line":39,"column":81}},"39":{"start":{"line":40,"column":0},"end":{"line":40,"column":45}},"40":{"start":{"line":41,"column":0},"end":{"line":41,"column":13}},"41":{"start":{"line":42,"column":0},"end":{"line":42,"column":20}},"42":{"start":{"line":43,"column":0},"end":{"line":43,"column":7}},"45":{"start":{"line":46,"column":0},"end":{"line":46,"column":59}},"46":{"start":{"line":47,"column":0},"end":{"line":47,"column":8}},"47":{"start":{"line":48,"column":0},"end":{"line":48,"column":29}},"48":{"start":{"line":49,"column":0},"end":{"line":49,"column":48}},"49":{"start":{"line":50,"column":0},"end":{"line":50,"column":118}},"51":{"start":{"line":52,"column":0},"end":{"line":52,"column":120}},"54":{"start":{"line":55,"column":0},"end":{"line":55,"column":52}},"55":{"start":{"line":56,"column":0},"end":{"line":56,"column":8}},"56":{"start":{"line":57,"column":0},"end":{"line":57,"column":6}},"57":{"start":{"line":58,"column":0},"end":{"line":58,"column":3}},"58":{"start":{"line":59,"column":0},"end":{"line":59,"column":1}}},"s":{"13":1,"14":1,"15":1,"27":1,"28":1,"29":1,"30":1,"31":1,"32":1,"33":1,"34":1,"35":1,"36":1,"38":2,"39":2,"40":16,"41":16,"42":16,"45":16,"46":16,"47":16,"48":13,"49":13,"51":13,"54":13,"55":13,"56":16,"57":16,"58":2},"branchMap":{"0":{"type":"branch","line":39,"loc":{"start":{"line":39,"column":0},"end":{"line":59,"column":1}},"locations":[{"start":{"line":39,"column":0},"end":{"line":59,"column":1}}]},"1":{"type":"branch","line":40,"loc":{"start":{"line":40,"column":44},"end":{"line":58,"column":3}},"locations":[{"start":{"line":40,"column":44},"end":{"line":58,"column":3}}]},"2":{"type":"branch","line":48,"loc":{"start":{"line":48,"column":6},"end":{"line":56,"column":8}},"locations":[{"start":{"line":48,"column":6},"end":{"line":56,"column":8}}]}},"b":{"0":[2],"1":[16],"2":[13]},"fnMap":{"0":{"name":"notImplementedRoutes","decl":{"start":{"line":39,"column":0},"end":{"line":59,"column":1}},"loc":{"start":{"line":39,"column":0},"end":{"line":59,"column":1}},"line":39}},"f":{"0":2}}
,"/home/red_iron/CodeBase/g2bmaster-ai/src/http/routes/system.ts": {"path":"/home/red_iron/CodeBase/g2bmaster-ai/src/http/routes/system.ts","all":false,"statementMap":{"10":{"start":{"line":11,"column":0},"end":{"line":11,"column":8}},"26":{"start":{"line":27,"column":0},"end":{"line":27,"column":48}},"28":{"start":{"line":29,"column":0},"end":{"line":29,"column":91}},"29":{"start":{"line":30,"column":0},"end":{"line":30,"column":10}},"30":{"start":{"line":31,"column":0},"end":{"line":31,"column":29}},"31":{"start":{"line":32,"column":0},"end":{"line":32,"column":93}},"32":{"start":{"line":33,"column":0},"end":{"line":33,"column":17}},"33":{"start":{"line":34,"column":0},"end":{"line":34,"column":49}},"34":{"start":{"line":35,"column":0},"end":{"line":35,"column":14}},"37":{"start":{"line":38,"column":0},"end":{"line":38,"column":66}},"38":{"start":{"line":39,"column":0},"end":{"line":39,"column":17}},"39":{"start":{"line":40,"column":0},"end":{"line":40,"column":8}},"40":{"start":{"line":41,"column":0},"end":{"line":41,"column":6}},"41":{"start":{"line":42,"column":0},"end":{"line":42,"column":4}},"43":{"start":{"line":44,"column":0},"end":{"line":44,"column":10}},"44":{"start":{"line":45,"column":0},"end":{"line":45,"column":23}},"45":{"start":{"line":46,"column":0},"end":{"line":46,"column":88}},"46":{"start":{"line":47,"column":0},"end":{"line":47,"column":42}},"47":{"start":{"line":48,"column":0},"end":{"line":48,"column":4}},"49":{"start":{"line":50,"column":0},"end":{"line":50,"column":10}},"50":{"start":{"line":51,"column":0},"end":{"line":51,"column":22}},"51":{"start":{"line":52,"column":0},"end":{"line":52,"column":86}},"52":{"start":{"line":53,"column":0},"end":{"line":53,"column":40}},"53":{"start":{"line":54,"column":0},"end":{"line":54,"column":4}},"54":{"start":{"line":55,"column":0},"end":{"line":55,"column":1}}},"s":{"10":1,"26":1,"28":2,"29":2,"30":2,"31":2,"32":2,"33":2,"34":2,"37":2,"38":2,"39":2,"40":2,"41":2,"43":2,"44":2,"45":2,"46":2,"47":2,"49":2,"50":2,"51":2,"52":2,"53":2,"54":2},"branchMap":{"0":{"type":"branch","line":29,"loc":{"start":{"line":29,"column":0},"end":{"line":55,"column":1}},"locations":[{"start":{"line":29,"column":0},"end":{"line":55,"column":1}}]},"1":{"type":"branch","line":33,"loc":{"start":{"line":33,"column":4},"end":{"line":41,"column":6}},"locations":[{"start":{"line":33,"column":4},"end":{"line":41,"column":6}}]},"2":{"type":"branch","line":38,"loc":{"start":{"line":38,"column":56},"end":{"line":38,"column":66}},"locations":[{"start":{"line":38,"column":56},"end":{"line":38,"column":66}}]},"3":{"type":"branch","line":47,"loc":{"start":{"line":47,"column":4},"end":{"line":47,"column":42}},"locations":[{"start":{"line":47,"column":4},"end":{"line":47,"column":42}}]},"4":{"type":"branch","line":53,"loc":{"start":{"line":53,"column":4},"end":{"line":53,"column":40}},"locations":[{"start":{"line":53,"column":4},"end":{"line":53,"column":40}}]}},"b":{"0":[2],"1":[2],"2":[1],"3":[1],"4":[1]},"fnMap":{"0":{"name":"systemRoutes","decl":{"start":{"line":29,"column":0},"end":{"line":55,"column":1}},"loc":{"start":{"line":29,"column":0},"end":{"line":55,"column":1}},"line":29}},"f":{"0":2}}
,"/home/red_iron/CodeBase/g2bmaster-ai/src/http/schema/system.ts": {"path":"/home/red_iron/CodeBase/g2bmaster-ai/src/http/schema/system.ts","all":false,"statementMap":{"8":{"start":{"line":9,"column":0},"end":{"line":9,"column":36}},"9":{"start":{"line":10,"column":0},"end":{"line":10,"column":17}},"10":{"start":{"line":11,"column":0},"end":{"line":11,"column":56}},"11":{"start":{"line":12,"column":0},"end":{"line":12,"column":30}},"12":{"start":{"line":13,"column":0},"end":{"line":13,"column":15}},"14":{"start":{"line":15,"column":0},"end":{"line":15,"column":29}},"16":{"start":{"line":17,"column":0},"end":{"line":17,"column":30}},"17":{"start":{"line":18,"column":0},"end":{"line":18,"column":35}},"18":{"start":{"line":19,"column":0},"end":{"line":19,"column":38}},"19":{"start":{"line":20,"column":0},"end":{"line":20,"column":34}},"20":{"start":{"line":21,"column":0},"end":{"line":21,"column":4}},"21":{"start":{"line":22,"column":0},"end":{"line":22,"column":11}},"30":{"start":{"line":31,"column":0},"end":{"line":31,"column":44}},"31":{"start":{"line":32,"column":0},"end":{"line":32,"column":17}},"32":{"start":{"line":33,"column":0},"end":{"line":33,"column":42}},"33":{"start":{"line":34,"column":0},"end":{"line":34,"column":30}},"34":{"start":{"line":35,"column":0},"end":{"line":35,"column":15}},"35":{"start":{"line":36,"column":0},"end":{"line":36,"column":48}},"36":{"start":{"line":37,"column":0},"end":{"line":37,"column":15}},"37":{"start":{"line":38,"column":0},"end":{"line":38,"column":21}},"38":{"start":{"line":39,"column":0},"end":{"line":39,"column":47}},"39":{"start":{"line":40,"column":0},"end":{"line":40,"column":6}},"40":{"start":{"line":41,"column":0},"end":{"line":41,"column":4}},"41":{"start":{"line":42,"column":0},"end":{"line":42,"column":11}},"49":{"start":{"line":50,"column":0},"end":{"line":50,"column":39}},"50":{"start":{"line":51,"column":0},"end":{"line":51,"column":17}},"51":{"start":{"line":52,"column":0},"end":{"line":52,"column":90}},"52":{"start":{"line":53,"column":0},"end":{"line":53,"column":30}},"53":{"start":{"line":54,"column":0},"end":{"line":54,"column":15}},"54":{"start":{"line":55,"column":0},"end":{"line":55,"column":40}},"55":{"start":{"line":56,"column":0},"end":{"line":56,"column":34}},"56":{"start":{"line":57,"column":0},"end":{"line":57,"column":40}},"57":{"start":{"line":58,"column":0},"end":{"line":58,"column":38}},"58":{"start":{"line":59,"column":0},"end":{"line":59,"column":34}},"59":{"start":{"line":60,"column":0},"end":{"line":60,"column":4}},"60":{"start":{"line":61,"column":0},"end":{"line":61,"column":11}},"63":{"start":{"line":64,"column":0},"end":{"line":64,"column":37}},"64":{"start":{"line":65,"column":0},"end":{"line":65,"column":17}},"65":{"start":{"line":66,"column":0},"end":{"line":66,"column":49}},"66":{"start":{"line":67,"column":0},"end":{"line":67,"column":30}},"67":{"start":{"line":68,"column":0},"end":{"line":68,"column":15}},"68":{"start":{"line":69,"column":0},"end":{"line":69,"column":13}},"69":{"start":{"line":70,"column":0},"end":{"line":70,"column":20}},"70":{"start":{"line":71,"column":0},"end":{"line":71,"column":14}},"71":{"start":{"line":72,"column":0},"end":{"line":72,"column":23}},"72":{"start":{"line":73,"column":0},"end":{"line":73,"column":38}},"73":{"start":{"line":74,"column":0},"end":{"line":74,"column":36}},"74":{"start":{"line":75,"column":0},"end":{"line":75,"column":21}},"75":{"start":{"line":76,"column":0},"end":{"line":76,"column":33}},"76":{"start":{"line":77,"column":0},"end":{"line":77,"column":51}},"77":{"start":{"line":78,"column":0},"end":{"line":78,"column":41}},"78":{"start":{"line":79,"column":0},"end":{"line":79,"column":10}},"79":{"start":{"line":80,"column":0},"end":{"line":80,"column":8}},"80":{"start":{"line":81,"column":0},"end":{"line":81,"column":6}},"81":{"start":{"line":82,"column":0},"end":{"line":82,"column":35}},"82":{"start":{"line":83,"column":0},"end":{"line":83,"column":34}},"83":{"start":{"line":84,"column":0},"end":{"line":84,"column":4}},"84":{"start":{"line":85,"column":0},"end":{"line":85,"column":11}}},"s":{"8":1,"9":1,"10":1,"11":1,"12":1,"14":1,"16":1,"17":1,"18":1,"19":1,"20":1,"21":1,"30":1,"31":1,"32":1,"33":1,"34":1,"35":1,"36":1,"37":1,"38":1,"39":1,"40":1,"41":1,"49":1,"50":1,"51":1,"52":1,"53":1,"54":1,"55":1,"56":1,"57":1,"58":1,"59":1,"60":1,"63":1,"64":1,"65":1,"66":1,"67":1,"68":1,"69":1,"70":1,"71":1,"72":1,"73":1,"74":1,"75":1,"76":1,"77":1,"78":1,"79":1,"80":1,"81":1,"82":1,"83":1,"84":1},"branchMap":{},"b":{},"fnMap":{},"f":{}}
,"/home/red_iron/CodeBase/g2bmaster-ai/src/pipeline/kernel.ts": {"path":"/home/red_iron/CodeBase/g2bmaster-ai/src/pipeline/kernel.ts","all":false,"statementMap":{"10":{"start":{"line":11,"column":0},"end":{"line":11,"column":46}},"24":{"start":{"line":25,"column":0},"end":{"line":25,"column":72}},"25":{"start":{"line":26,"column":0},"end":{"line":26,"column":78}},"26":{"start":{"line":27,"column":0},"end":{"line":27,"column":12}},"27":{"start":{"line":28,"column":0},"end":{"line":28,"column":18}},"28":{"start":{"line":29,"column":0},"end":{"line":29,"column":29}},"29":{"start":{"line":30,"column":0},"end":{"line":30,"column":3}},"30":{"start":{"line":31,"column":0},"end":{"line":31,"column":98}},"32":{"start":{"line":33,"column":0},"end":{"line":33,"column":23}},"33":{"start":{"line":34,"column":0},"end":{"line":34,"column":53}},"35":{"start":{"line":36,"column":0},"end":{"line":36,"column":35}},"36":{"start":{"line":37,"column":0},"end":{"line":37,"column":41}},"37":{"start":{"line":38,"column":0},"end":{"line":38,"column":3}},"39":{"start":{"line":40,"column":0},"end":{"line":40,"column":25}},"40":{"start":{"line":41,"column":0},"end":{"line":41,"column":45}},"41":{"start":{"line":42,"column":0},"end":{"line":42,"column":3}},"43":{"start":{"line":44,"column":0},"end":{"line":44,"column":22}},"44":{"start":{"line":45,"column":0},"end":{"line":45,"column":35}},"45":{"start":{"line":46,"column":0},"end":{"line":46,"column":3}},"48":{"start":{"line":49,"column":0},"end":{"line":49,"column":40}},"49":{"start":{"line":50,"column":0},"end":{"line":50,"column":55}},"50":{"start":{"line":51,"column":0},"end":{"line":51,"column":3}},"51":{"start":{"line":52,"column":0},"end":{"line":52,"column":1}},"60":{"start":{"line":61,"column":0},"end":{"line":61,"column":20}},"61":{"start":{"line":62,"column":0},"end":{"line":62,"column":46}},"63":{"start":{"line":64,"column":0},"end":{"line":64,"column":31}},"64":{"start":{"line":65,"column":0},"end":{"line":65,"column":25}},"65":{"start":{"line":66,"column":0},"end":{"line":66,"column":3}},"68":{"start":{"line":69,"column":0},"end":{"line":69,"column":26}},"69":{"start":{"line":70,"column":0},"end":{"line":70,"column":29}},"70":{"start":{"line":71,"column":0},"end":{"line":71,"column":3}},"71":{"start":{"line":72,"column":0},"end":{"line":72,"column":1}},"97":{"start":{"line":98,"column":0},"end":{"line":98,"column":52}},"98":{"start":{"line":99,"column":0},"end":{"line":99,"column":32}},"99":{"start":{"line":100,"column":0},"end":{"line":100,"column":13}},"100":{"start":{"line":101,"column":0},"end":{"line":101,"column":11}},"101":{"start":{"line":102,"column":0},"end":{"line":102,"column":32}},"102":{"start":{"line":103,"column":0},"end":{"line":103,"column":22}},"103":{"start":{"line":104,"column":0},"end":{"line":104,"column":32}},"104":{"start":{"line":105,"column":0},"end":{"line":105,"column":23}},"106":{"start":{"line":107,"column":0},"end":{"line":107,"column":29}},"107":{"start":{"line":108,"column":0},"end":{"line":108,"column":33}},"109":{"start":{"line":110,"column":0},"end":{"line":110,"column":96}},"110":{"start":{"line":111,"column":0},"end":{"line":111,"column":88}},"111":{"start":{"line":112,"column":0},"end":{"line":112,"column":77}},"112":{"start":{"line":113,"column":0},"end":{"line":113,"column":15}},"113":{"start":{"line":114,"column":0},"end":{"line":114,"column":5}},"115":{"start":{"line":116,"column":0},"end":{"line":116,"column":33}},"116":{"start":{"line":117,"column":0},"end":{"line":117,"column":39}},"117":{"start":{"line":118,"column":0},"end":{"line":118,"column":9}},"118":{"start":{"line":119,"column":0},"end":{"line":119,"column":42}},"119":{"start":{"line":120,"column":0},"end":{"line":120,"column":17}},"121":{"start":{"line":122,"column":0},"end":{"line":122,"column":94}},"122":{"start":{"line":123,"column":0},"end":{"line":123,"column":69}},"123":{"start":{"line":124,"column":0},"end":{"line":124,"column":96}},"124":{"start":{"line":125,"column":0},"end":{"line":125,"column":5}},"125":{"start":{"line":126,"column":0},"end":{"line":126,"column":38}},"127":{"start":{"line":128,"column":0},"end":{"line":128,"column":20}},"128":{"start":{"line":129,"column":0},"end":{"line":129,"column":44}},"129":{"start":{"line":130,"column":0},"end":{"line":130,"column":22}},"130":{"start":{"line":131,"column":0},"end":{"line":131,"column":62}},"131":{"start":{"line":132,"column":0},"end":{"line":132,"column":15}},"132":{"start":{"line":133,"column":0},"end":{"line":133,"column":5}},"134":{"start":{"line":135,"column":0},"end":{"line":135,"column":34}},"135":{"start":{"line":136,"column":0},"end":{"line":136,"column":90}},"136":{"start":{"line":137,"column":0},"end":{"line":137,"column":25}},"137":{"start":{"line":138,"column":0},"end":{"line":138,"column":5}},"139":{"start":{"line":140,"column":0},"end":{"line":140,"column":33}},"140":{"start":{"line":141,"column":0},"end":{"line":141,"column":93}},"141":{"start":{"line":142,"column":0},"end":{"line":142,"column":3}},"143":{"start":{"line":144,"column":0},"end":{"line":144,"column":75}},"144":{"start":{"line":145,"column":0},"end":{"line":145,"column":1}}},"s":{"10":1,"24":1,"25":1,"26":5,"27":5,"28":5,"29":5,"30":1,"32":1,"33":1,"35":1,"36":29,"37":29,"39":1,"40":42,"41":42,"43":1,"44":20,"45":20,"48":1,"49":21,"50":21,"51":1,"60":1,"61":1,"63":1,"64":18,"65":18,"68":1,"69":7,"70":7,"71":1,"97":12,"98":12,"99":12,"100":12,"101":12,"102":12,"103":12,"104":12,"106":12,"107":19,"109":2,"110":1,"111":1,"112":1,"113":1,"115":17,"116":17,"117":17,"118":17,"119":19,"121":3,"122":3,"123":3,"124":3,"125":17,"127":19,"128":10,"129":10,"130":10,"131":10,"132":10,"134":19,"135":2,"136":2,"137":2,"139":5,"140":5,"141":5,"143":9,"144":9},"branchMap":{"0":{"type":"branch","line":25,"loc":{"start":{"line":25,"column":18},"end":{"line":25,"column":72}},"locations":[{"start":{"line":25,"column":18},"end":{"line":25,"column":72}}]},"1":{"type":"branch","line":26,"loc":{"start":{"line":26,"column":23},"end":{"line":30,"column":3}},"locations":[{"start":{"line":26,"column":23},"end":{"line":30,"column":3}}]},"2":{"type":"branch","line":31,"loc":{"start":{"line":31,"column":21},"end":{"line":31,"column":98}},"locations":[{"start":{"line":31,"column":21},"end":{"line":31,"column":98}}]},"3":{"type":"branch","line":34,"loc":{"start":{"line":34,"column":10},"end":{"line":34,"column":53}},"locations":[{"start":{"line":34,"column":10},"end":{"line":34,"column":53}}]},"4":{"type":"branch","line":34,"loc":{"start":{"line":34,"column":39},"end":{"line":34,"column":51}},"locations":[{"start":{"line":34,"column":39},"end":{"line":34,"column":51}}]},"5":{"type":"branch","line":36,"loc":{"start":{"line":36,"column":9},"end":{"line":38,"column":3}},"locations":[{"start":{"line":36,"column":9},"end":{"line":38,"column":3}}]},"6":{"type":"branch","line":40,"loc":{"start":{"line":40,"column":2},"end":{"line":42,"column":3}},"locations":[{"start":{"line":40,"column":2},"end":{"line":42,"column":3}}]},"7":{"type":"branch","line":44,"loc":{"start":{"line":44,"column":2},"end":{"line":46,"column":3}},"locations":[{"start":{"line":44,"column":2},"end":{"line":46,"column":3}}]},"8":{"type":"branch","line":49,"loc":{"start":{"line":49,"column":2},"end":{"line":51,"column":3}},"locations":[{"start":{"line":49,"column":2},"end":{"line":51,"column":3}}]},"9":{"type":"branch","line":62,"loc":{"start":{"line":62,"column":19},"end":{"line":62,"column":46}},"locations":[{"start":{"line":62,"column":19},"end":{"line":62,"column":46}}]},"10":{"type":"branch","line":64,"loc":{"start":{"line":64,"column":2},"end":{"line":66,"column":3}},"locations":[{"start":{"line":64,"column":2},"end":{"line":66,"column":3}}]},"11":{"type":"branch","line":69,"loc":{"start":{"line":69,"column":2},"end":{"line":71,"column":3}},"locations":[{"start":{"line":69,"column":2},"end":{"line":71,"column":3}}]},"12":{"type":"branch","line":98,"loc":{"start":{"line":98,"column":0},"end":{"line":145,"column":1}},"locations":[{"start":{"line":98,"column":0},"end":{"line":145,"column":1}}]},"13":{"type":"branch","line":107,"loc":{"start":{"line":107,"column":28},"end":{"line":142,"column":3}},"locations":[{"start":{"line":107,"column":28},"end":{"line":142,"column":3}}]},"14":{"type":"branch","line":108,"loc":{"start":{"line":108,"column":32},"end":{"line":114,"column":5}},"locations":[{"start":{"line":108,"column":32},"end":{"line":114,"column":5}}]},"15":{"type":"branch","line":110,"loc":{"start":{"line":110,"column":21},"end":{"line":114,"column":5}},"locations":[{"start":{"line":110,"column":21},"end":{"line":114,"column":5}}]},"16":{"type":"branch","line":114,"loc":{"start":{"line":114,"column":4},"end":{"line":119,"column":42}},"locations":[{"start":{"line":114,"column":4},"end":{"line":119,"column":42}}]},"17":{"type":"branch","line":119,"loc":{"start":{"line":119,"column":40},"end":{"line":120,"column":13}},"locations":[{"start":{"line":119,"column":40},"end":{"line":120,"column":13}}]},"18":{"type":"branch","line":120,"loc":{"start":{"line":120,"column":4},"end":{"line":125,"column":5}},"locations":[{"start":{"line":120,"column":4},"end":{"line":125,"column":5}}]},"19":{"type":"branch","line":122,"loc":{"start":{"line":122,"column":29},"end":{"line":122,"column":45}},"locations":[{"start":{"line":122,"column":29},"end":{"line":122,"column":45}}]},"20":{"type":"branch","line":122,"loc":{"start":{"line":122,"column":41},"end":{"line":122,"column":94}},"locations":[{"start":{"line":122,"column":41},"end":{"line":122,"column":94}}]},"21":{"type":"branch","line":123,"loc":{"start":{"line":123,"column":20},"end":{"line":123,"column":42}},"locations":[{"start":{"line":123,"column":20},"end":{"line":123,"column":42}}]},"22":{"type":"branch","line":123,"loc":{"start":{"line":123,"column":38},"end":{"line":123,"column":69}},"locations":[{"start":{"line":123,"column":38},"end":{"line":123,"column":69}}]},"23":{"type":"branch","line":125,"loc":{"start":{"line":125,"column":4},"end":{"line":128,"column":19}},"locations":[{"start":{"line":125,"column":4},"end":{"line":128,"column":19}}]},"24":{"type":"branch","line":128,"loc":{"start":{"line":128,"column":19},"end":{"line":133,"column":5}},"locations":[{"start":{"line":128,"column":19},"end":{"line":133,"column":5}}]},"25":{"type":"branch","line":133,"loc":{"start":{"line":133,"column":4},"end":{"line":135,"column":33}},"locations":[{"start":{"line":133,"column":4},"end":{"line":135,"column":33}}]},"26":{"type":"branch","line":135,"loc":{"start":{"line":135,"column":33},"end":{"line":138,"column":5}},"locations":[{"start":{"line":135,"column":33},"end":{"line":138,"column":5}}]},"27":{"type":"branch","line":138,"loc":{"start":{"line":138,"column":4},"end":{"line":142,"column":3}},"locations":[{"start":{"line":138,"column":4},"end":{"line":142,"column":3}}]},"28":{"type":"branch","line":142,"loc":{"start":{"line":142,"column":2},"end":{"line":145,"column":1}},"locations":[{"start":{"line":142,"column":2},"end":{"line":145,"column":1}}]}},"b":{"0":[10],"1":[5],"2":[2],"3":[29],"4":[29],"5":[29],"6":[42],"7":[20],"8":[21],"9":[12],"10":[18],"11":[7],"12":[12],"13":[19],"14":[2],"15":[1],"16":[17],"17":[14],"18":[3],"19":[1],"20":[2],"21":[1],"22":[2],"23":[17],"24":[10],"25":[7],"26":[2],"27":[5],"28":[9]},"fnMap":{"0":{"name":"ok","decl":{"start":{"line":25,"column":18},"end":{"line":25,"column":72}},"loc":{"start":{"line":25,"column":18},"end":{"line":25,"column":72}},"line":25},"1":{"name":"degrade","decl":{"start":{"line":26,"column":23},"end":{"line":30,"column":3}},"loc":{"start":{"line":26,"column":23},"end":{"line":30,"column":3}},"line":26},"2":{"name":"fatal","decl":{"start":{"line":31,"column":21},"end":{"line":31,"column":98}},"loc":{"start":{"line":31,"column":21},"end":{"line":31,"column":98}},"line":31},"3":{"name":"Deadline","decl":{"start":{"line":34,"column":10},"end":{"line":34,"column":53}},"loc":{"start":{"line":34,"column":10},"end":{"line":34,"column":53}},"line":34},"4":{"name":"<instance_members_initializer>","decl":{"start":{"line":34,"column":39},"end":{"line":34,"column":51}},"loc":{"start":{"line":34,"column":39},"end":{"line":34,"column":51}},"line":34},"5":{"name":"in","decl":{"start":{"line":36,"column":9},"end":{"line":38,"column":3}},"loc":{"start":{"line":36,"column":9},"end":{"line":38,"column":3}},"line":36},"6":{"name":"remainingMs","decl":{"start":{"line":40,"column":2},"end":{"line":42,"column":3}},"loc":{"start":{"line":40,"column":2},"end":{"line":42,"column":3}},"line":40},"7":{"name":"expired","decl":{"start":{"line":44,"column":2},"end":{"line":46,"column":3}},"loc":{"start":{"line":44,"column":2},"end":{"line":46,"column":3}},"line":44},"8":{"name":"budgetFor","decl":{"start":{"line":49,"column":2},"end":{"line":51,"column":3}},"loc":{"start":{"line":49,"column":2},"end":{"line":51,"column":3}},"line":49},"9":{"name":"<instance_members_initializer>","decl":{"start":{"line":62,"column":19},"end":{"line":62,"column":46}},"loc":{"start":{"line":62,"column":19},"end":{"line":62,"column":46}},"line":62},"10":{"name":"record","decl":{"start":{"line":64,"column":2},"end":{"line":66,"column":3}},"loc":{"start":{"line":64,"column":2},"end":{"line":66,"column":3}},"line":64},"11":{"name":"toJSON","decl":{"start":{"line":69,"column":2},"end":{"line":71,"column":3}},"loc":{"start":{"line":69,"column":2},"end":{"line":71,"column":3}},"line":69},"12":{"name":"runPipeline","decl":{"start":{"line":98,"column":0},"end":{"line":145,"column":1}},"loc":{"start":{"line":98,"column":0},"end":{"line":145,"column":1}},"line":98}},"f":{"0":10,"1":5,"2":2,"3":29,"4":29,"5":29,"6":42,"7":20,"8":21,"9":12,"10":18,"11":7,"12":12}}
}
